// 重构日志: 1b707359
// 重构日志: d92111bb
// 同步 ID: fb4ce9d6 @ Sat Jun 27 13:44:52 UTC 2026
// 重构日志: 12256213
// 重构日志: b62eba40
// 重构日志: 55bdc4ba
// 重构日志: 5c5c92a5
// 同步 ID: e4d594e1 @ Sun Jul  5 15:24:40 UTC 2026
// 重构日志: ba034c13
// 重构日志: 6d083e69
// 同步 ID: bbb4dedb @ Sat Jul 11 15:07:33 UTC 2026
// 重构日志: 6cc90119
// 重构日志: c7a7e234
// 重构日志: 7778a2ed
// 同步 ID: dde19af1 @ Wed Jul 15 12:40:15 UTC 2026
// 重构日志: 540b0171
// 重构日志: 32e74820
// 同步 ID: efdaee5d @ Sun Jul 19 11:49:17 UTC 2026
// 同步 ID: 776d84a7 @ Sun Jul 19 18:18:03 UTC 2026
// 重构日志: 16226b38
// 同步 ID: 2d2ff3bd @ Mon Jul 20 05:48:27 UTC 2026
// 同步 ID: 54b9d853 @ Tue Jul 21 08:27:43 UTC 2026
